./health.eek.jp//apps/data/index.html
./health.eek.jp//apps/diet/askn_diet/index.html
./health.eek.jp//apps/diet/index.html
./health.eek.jp//apps/female/krd_kimochi/index.html
./health.eek.jp//apps/fitness/pushups/index.html
./health.eek.jp//apps/fitness/results/index.html
./health.eek.jp//apps/fitness/situps/index.html
./health.eek.jp//apps/health/eiyoushi/index.html
./health.eek.jp//apps/health/index.html
./health.eek.jp//apps/health/krd_tokei/index.html
./health.eek.jp//apps/roadbike/roadbike/index.html
./health.eek.jp//apps/run/index.html
./health.eek.jp//apps/run/runtastic/index.html
./health.eek.jp//apps/sleep/index.html
./health.eek.jp//apps/sleep/sleepbetter/index.html
./health.eek.jp//apps/stretch/index.html
./health.eek.jp//apps/stretch/stretch/index.html
./health.eek.jp//apps/walk/arutoku/index.html
./health.eek.jp//apps/walk/index.html
./health.eek.jp//campaign/tokei_quiz/index.html
./health.eek.jp//campaign/webpromo/index.html
./health.eek.jp//column/diet/0049/index.html
./health.eek.jp//column/diet/0146/index.html
./health.eek.jp//column/diet/0152/index.html
./health.eek.jp//column/diet/0156/index.html
./health.eek.jp//column/diet/index.html
./health.eek.jp//column/eat/0053/index.html
./health.eek.jp//column/eat/0141/index.html
./health.eek.jp//column/eat/0159/index.html
./health.eek.jp//column/eat/index.html
./health.eek.jp//column/female/0032/index.html
./health.eek.jp//column/female/0157/index.html
./health.eek.jp//column/female/index.html
./health.eek.jp//column/lifestyle/0055/index.html
./health.eek.jp//column/lifestyle/0067/index.html
./health.eek.jp//column/lifestyle/0127/index.html
./health.eek.jp//column/lifestyle/index.html
./health.eek.jp//column/medical/index.html
./health.eek.jp//column/run/0016/index.html
./health.eek.jp//column/run/0117/index.html
./health.eek.jp//column/run/index.html
./health.eek.jp//column/training/0147/index.html
./health.eek.jp//column/training/index.html
./health.eek.jp//column/usage/0070/index.html
./health.eek.jp//column/usage/0073/index.html
./health.eek.jp//column/usage/0099/index.html
./health.eek.jp//column/usage/0131/index.html
./health.eek.jp//column/usage/0158/index.html
./health.eek.jp//maillist
./health.eek.jp//member/001/index.html
./health.eek.jp//member/002/index.html
./health.eek.jp//member/004/index.html
./health.eek.jp//member/006/index.html
./health.eek.jp//member/012/index.html
./health.eek.jp//modellist
./health.eek.jp//modellist.html
./health.eek.jp//provider
./health.eek.jp//provider.html
./health.eek.jp//qa/index.html
./health.eek.jp//qa.html
./health.eek.jp//regist/index.html
