https://health.dmkt-sp.jp/apps/data/
https://health.dmkt-sp.jp/apps/diet/askn_diet/
https://health.dmkt-sp.jp/apps/diet/
https://health.dmkt-sp.jp/apps/female/krd_kimochi/
https://health.dmkt-sp.jp/apps/fitness/pushups/
https://health.dmkt-sp.jp/apps/fitness/results/
https://health.dmkt-sp.jp/apps/fitness/situps/
https://health.dmkt-sp.jp/apps/health/eiyoushi/
https://health.dmkt-sp.jp/apps/health/
https://health.dmkt-sp.jp/apps/health/krd_tokei/
https://health.dmkt-sp.jp/apps/roadbike/roadbike/
https://health.dmkt-sp.jp/apps/run/
https://health.dmkt-sp.jp/apps/run/runtastic/
https://health.dmkt-sp.jp/apps/sleep/
https://health.dmkt-sp.jp/apps/sleep/sleepbetter/
https://health.dmkt-sp.jp/apps/stretch/
https://health.dmkt-sp.jp/apps/stretch/stretch/
https://health.dmkt-sp.jp/apps/walk/arutoku/
https://health.dmkt-sp.jp/apps/walk/
https://health.dmkt-sp.jp/campaign/tokei_quiz/
https://health.dmkt-sp.jp/campaign/webpromo/
https://health.dmkt-sp.jp/column/diet/0049/
https://health.dmkt-sp.jp/column/diet/0146/
https://health.dmkt-sp.jp/column/diet/0152/
https://health.dmkt-sp.jp/column/diet/0156/
https://health.dmkt-sp.jp/column/diet/
https://health.dmkt-sp.jp/column/eat/0053/
https://health.dmkt-sp.jp/column/eat/0141/
https://health.dmkt-sp.jp/column/eat/0159/
https://health.dmkt-sp.jp/column/eat/
https://health.dmkt-sp.jp/column/female/0032/
https://health.dmkt-sp.jp/column/female/0157/
https://health.dmkt-sp.jp/column/female/
https://health.dmkt-sp.jp/column/lifestyle/0055/
https://health.dmkt-sp.jp/column/lifestyle/0067/
https://health.dmkt-sp.jp/column/lifestyle/0127/
https://health.dmkt-sp.jp/column/lifestyle/
https://health.dmkt-sp.jp/column/medical/
https://health.dmkt-sp.jp/column/run/0016/
https://health.dmkt-sp.jp/column/run/0117/
https://health.dmkt-sp.jp/column/run/
https://health.dmkt-sp.jp/column/training/0147/
https://health.dmkt-sp.jp/column/training/
https://health.dmkt-sp.jp/column/usage/0070/
https://health.dmkt-sp.jp/column/usage/0073/
https://health.dmkt-sp.jp/column/usage/0099/
https://health.dmkt-sp.jp/column/usage/0131/
https://health.dmkt-sp.jp/column/usage/0158/
https://health.dmkt-sp.jp/maillist
https://health.dmkt-sp.jp/member/001/
https://health.dmkt-sp.jp/member/002/
https://health.dmkt-sp.jp/member/004/
https://health.dmkt-sp.jp/member/006/
https://health.dmkt-sp.jp/member/012/
https://health.dmkt-sp.jp/modellist
https://health.dmkt-sp.jp/modellist.html
https://health.dmkt-sp.jp/provider
https://health.dmkt-sp.jp/provider.html
https://health.dmkt-sp.jp/qa/
https://health.dmkt-sp.jp/qa.html
https://health.dmkt-sp.jp/regist/
